SimpleCalculator/app/build/intermediates/manifest_merge_blame_file/debug/manifest-merger-blame-debug-report.txt
1<?xml version="1.0" encoding="utf-8"?>
2<manifest xmlns:android="http://schemas.android.com/apk/res/android"
3    package="com.example.simplecalculator"
4    android:versionCode="1"
5    android:versionName="1.0" >
6
7    <uses-sdk
8        android:minSdkVersion="19"
8-->src\main\AndroidManifest.xml
9        android:targetSdkVersion="32" />
9-->src\main\AndroidManifest.xml
10
11    <application
11-->src\main\AndroidManifest.xml:6:5-27:19
12        android:allowBackup="true"
12-->src\main\AndroidManifest.xml:7:9-35
13        android:appComponentFactory="androidx.core.app.CoreComponentFactory"
13-->[androidx.core:core:1.5.0] AndroidManifest.xml:24:18-86
14        android:dataExtractionRules="@xml/data_extraction_rules"
14-->src\main\AndroidManifest.xml:8:9-65
15        android:debuggable="true"
16        android:fullBackupContent="@xml/backup_rules"
16-->src\main\AndroidManifest.xml:9:9-54
17        android:icon="@mipmap/ic_launcher"
17-->src\main\AndroidManifest.xml:10:9-43
18        android:label="@string/app_name"
18-->src\main\AndroidManifest.xml:11:9-41
19        android:roundIcon="@mipmap/ic_launcher_round"
19-->src\main\AndroidManifest.xml:12:9-54
20        android:supportsRtl="true"
20-->src\main\AndroidManifest.xml:13:9-35
21        android:testOnly="true"
22        android:theme="@style/Theme.SimpleCalculator" >
22-->src\main\AndroidManifest.xml:14:9-54
23        <activity
23-->src\main\AndroidManifest.xml:16:9-26:20
24            android:name="com.example.simplecalculator.MainActivity"
24-->src\main\AndroidManifest.xml:17:13-41
25            android:exported="true"
25-->src\main\AndroidManifest.xml:18:13-36
26            android:label="@string/app_name"
26-->src\main\AndroidManifest.xml:19:13-45
27            android:theme="@style/Theme.SimpleCalculator.NoActionBar" >
27-->src\main\AndroidManifest.xml:20:13-70
28            <intent-filter>
28-->src\main\AndroidManifest.xml:21:13-25:29
29                <action android:name="android.intent.action.MAIN" />
29-->src\main\AndroidManifest.xml:22:17-69
29-->src\main\AndroidManifest.xml:22:25-66
30
31                <category android:name="android.intent.category.LAUNCHER" />
31-->src\main\AndroidManifest.xml:24:17-77
31-->src\main\AndroidManifest.xml:24:27-74
32            </intent-filter>
33        </activity>
34    </application>
35
36</manifest>